#
# There is insufficient memory for the Java Runtime Environment to continue.
# Native memory allocation (mmap) failed to map 130023424 bytes for G1 virtual space
# Possible reasons:
#   The system is out of physical RAM or swap space
#   The process is running with CompressedOops enabled, and the Java Heap may be blocking the growth of the native heap
# Possible solutions:
#   Reduce memory load on the system
#   Increase physical memory or swap space
#   Check if swap backing store is full
#   Decrease Java heap size (-Xmx/-Xms)
#   Decrease number of Java threads
#   Decrease Java thread stack sizes (-Xss)
#   Set larger code cache with -XX:ReservedCodeCacheSize=
#   JVM is running with Unscaled Compressed Oops mode in which the Java heap is
#     placed in the first 4GB address space. The Java Heap base address is the
#     maximum limit for the native heap growth. Please use -XX:HeapBaseMinAddress
#     to set the Java Heap base and to place the Java Heap above 4GB virtual address.
# This output file may be truncated or incomplete.
#
#  Out of Memory Error (os_windows.cpp:3600), pid=8148, tid=12504
#
# JRE version:  (21.0.1+12) (build )
# Java VM: Java HotSpot(TM) 64-Bit Server VM (21.0.1+12-LTS-29, mixed mode, sharing, tiered, compressed oops, compressed class ptrs, g1 gc, windows-amd64)
# No core dump will be written. Minidumps are not enabled by default on client versions of Windows
#

---------------  S U M M A R Y ------------

Command Line: -javaagent:C:\Users\evilh\Development\tools\ideaIC-2024.3.5.win\lib\idea_rt.jar=60002 -Dfile.encoding=UTF-8 -Dsun.stdout.encoding=UTF-8 -Dsun.stderr.encoding=UTF-8 org.example.anonimas.TesteClasseAnonima

Host: 11th Gen Intel(R) Core(TM) i7-1165G7 @ 2.80GHz, 8 cores, 7G,  Windows 11 , 64 bit Build 22621 (10.0.22621.4974)
Time: Tue Mar 18 17:06:21 2025 Hora oficial do Brasil elapsed time: 0.015026 seconds (0d 0h 0m 0s)

---------------  T H R E A D  ---------------

Current thread (0x0000028a8194dd30):  JavaThread "Unknown thread" [_thread_in_vm, id=12504, stack(0x000000a261c00000,0x000000a261d00000) (1024K)]

Stack: [0x000000a261c00000,0x000000a261d00000]
Native frames: (J=compiled Java code, j=interpreted, Vv=VM code, C=native code)
V  [jvm.dll+0x6c9029]
V  [jvm.dll+0x854b81]
V  [jvm.dll+0x856e5e]
V  [jvm.dll+0x857543]
V  [jvm.dll+0x280c06]
V  [jvm.dll+0x6c5715]
V  [jvm.dll+0x6ba10a]
V  [jvm.dll+0x3557ea]
V  [jvm.dll+0x35d436]
V  [jvm.dll+0x3ae1be]
V  [jvm.dll+0x3ae468]
V  [jvm.dll+0x3291fc]
V  [jvm.dll+0x329d8b]
V  [jvm.dll+0x81d179]
V  [jvm.dll+0x3bb4f1]
V  [jvm.dll+0x805ae8]
V  [jvm.dll+0x44effe]
V  [jvm.dll+0x450901]
C  [jli.dll+0x52a3]
C  [ucrtbase.dll+0x29333]
C  [KERNEL32.DLL+0x1259d]
C  [ntdll.dll+0x5af38]


---------------  P R O C E S S  ---------------

Threads class SMR info:
_java_thread_list=0x00007ff873929b88, length=0, elements={
}

Java Threads: ( => current thread )
Total: 0

Other Threads:
  0x0000028a83cb0270 WorkerThread "GC Thread#0"                     [id=8272, stack(0x000000a261d00000,0x000000a261e00000) (1024K)]
  0x0000028a83cc0b80 ConcurrentGCThread "G1 Main Marker"            [id=11312, stack(0x000000a261e00000,0x000000a261f00000) (1024K)]
  0x0000028a83cc1680 WorkerThread "G1 Conc#0"                       [id=4652, stack(0x000000a261f00000,0x000000a262000000) (1024K)]

[error occurred during error reporting (printing all threads), id 0xc0000005, EXCEPTION_ACCESS_VIOLATION (0xc0000005) at pc=0x00007ff87309c2c7]
VM state: not at safepoint (not fully initialized)

VM Mutex/Monitor currently owned by a thread:  ([mutex/lock_event])
[0x00007ff87399a6f8] Heap_lock - owner thread: 0x0000028a8194dd30

Heap address: 0x0000000084400000, size: 1980 MB, Compressed Oops mode: 32-bit

CDS archive(s) mapped at: [0x0000000000000000-0x0000000000000000-0x0000000000000000), size 0, SharedBaseAddress: 0x0000000800000000, ArchiveRelocationMode: 1.
Narrow klass base: 0x0000000000000000, Narrow klass shift: 0, Narrow klass range: 0x0

GC Precious Log:
 CardTable entry size: 512
 Card Set container configuration: InlinePtr #cards 5 size 8 Array Of Cards #cards 12 size 40 Howl #buckets 4 coarsen threshold 1843 Howl Bitmap #cards 512 size 80 coarsen threshold 460 Card regions per heap region 1 cards per card region 2048

Heap:
 garbage-first heap   total 0K, used 0K [0x0000000084400000, 0x0000000100000000)
  region size 1024K, 0 young (0K), 0 survivors (0K)

[error occurred during error reporting (printing heap information), id 0xc0000005, EXCEPTION_ACCESS_VIOLATION (0xc0000005) at pc=0x00007ff873481be9]
GC Heap History (0 events):
No events

Dll operation events (1 events):
Event: 0.010 Loaded shared library C:\Program Files\Java\jdk-21\bin\java.dll

Deoptimization events (0 events):
No events

Classes loaded (0 events):
No events

Classes unloaded (0 events):
No events

Classes redefined (0 events):
No events

Internal exceptions (0 events):
No events

ZGC Phase Switch (0 events):
No events

VM Operations (0 events):
No events

Events (0 events):
No events


Dynamic libraries:
0x00007ff7e1390000 - 0x00007ff7e13a0000 	C:\Program Files\Java\jdk-21\bin\java.exe
0x00007ff8b2e50000 - 0x00007ff8b3067000 	C:\WINDOWS\SYSTEM32\ntdll.dll
0x00007ff8b1fc0000 - 0x00007ff8b2084000 	C:\WINDOWS\System32\KERNEL32.DLL
0x00007ff8b0220000 - 0x00007ff8b05f1000 	C:\WINDOWS\System32\KERNELBASE.dll
0x00007ff8a7200000 - 0x00007ff8a7297000 	C:\WINDOWS\SYSTEM32\apphelp.dll
0x00007ff8b0100000 - 0x00007ff8b0211000 	C:\WINDOWS\System32\ucrtbase.dll
0x00007ff899ee0000 - 0x00007ff899ef9000 	C:\Program Files\Java\jdk-21\bin\jli.dll
0x00007ff8b1300000 - 0x00007ff8b13b1000 	C:\WINDOWS\System32\ADVAPI32.dll
0x00007ff8b21c0000 - 0x00007ff8b2267000 	C:\WINDOWS\System32\msvcrt.dll
0x00007ff895bc0000 - 0x00007ff895bdb000 	C:\Program Files\Java\jdk-21\bin\VCRUNTIME140.dll
0x00007ff8b13c0000 - 0x00007ff8b1467000 	C:\WINDOWS\System32\sechost.dll
0x00007ff8b07c0000 - 0x00007ff8b07e8000 	C:\WINDOWS\System32\bcrypt.dll
0x00007ff8b2bb0000 - 0x00007ff8b2cc4000 	C:\WINDOWS\System32\RPCRT4.dll
0x00007ff8b29f0000 - 0x00007ff8b2ba1000 	C:\WINDOWS\System32\USER32.dll
0x00007ff8aff90000 - 0x00007ff8affb6000 	C:\WINDOWS\System32\win32u.dll
0x00007ff8b1690000 - 0x00007ff8b16b9000 	C:\WINDOWS\System32\GDI32.dll
0x00007ff8a0d40000 - 0x00007ff8a0fd2000 	C:\WINDOWS\WinSxS\amd64_microsoft.windows.common-controls_6595b64144ccf1df_6.0.22621.4830_none_270fe7d773858e80\COMCTL32.dll
0x00007ff8b0a00000 - 0x00007ff8b0b1b000 	C:\WINDOWS\System32\gdi32full.dll
0x00007ff8b07f0000 - 0x00007ff8b088a000 	C:\WINDOWS\System32\msvcp_win.dll
0x00007ff89ed10000 - 0x00007ff89ed1a000 	C:\WINDOWS\SYSTEM32\VERSION.dll
0x00007ff8b2090000 - 0x00007ff8b20c1000 	C:\WINDOWS\System32\IMM32.DLL
0x00007ff8a6810000 - 0x00007ff8a681c000 	C:\Program Files\Java\jdk-21\bin\vcruntime140_1.dll
0x00007ff8843b0000 - 0x00007ff88443e000 	C:\Program Files\Java\jdk-21\bin\msvcp140.dll
0x00007ff872d60000 - 0x00007ff873a75000 	C:\Program Files\Java\jdk-21\bin\server\jvm.dll
0x00007ff8b2960000 - 0x00007ff8b29d1000 	C:\WINDOWS\System32\WS2_32.dll
0x00007ff8aee40000 - 0x00007ff8aee8d000 	C:\WINDOWS\SYSTEM32\POWRPROF.dll
0x00007ff8a7c40000 - 0x00007ff8a7c74000 	C:\WINDOWS\SYSTEM32\WINMM.dll
0x00007ff8aee20000 - 0x00007ff8aee33000 	C:\WINDOWS\SYSTEM32\UMPDC.dll
0x00007ff8af0d0000 - 0x00007ff8af0e8000 	C:\WINDOWS\SYSTEM32\kernel.appcore.dll
0x00007ff8a4960000 - 0x00007ff8a496a000 	C:\Program Files\Java\jdk-21\bin\jimage.dll
0x00007ff8ad530000 - 0x00007ff8ad762000 	C:\WINDOWS\SYSTEM32\DBGHELP.DLL
0x00007ff8b0ce0000 - 0x00007ff8b1070000 	C:\WINDOWS\System32\combase.dll
0x00007ff8b2cd0000 - 0x00007ff8b2da7000 	C:\WINDOWS\System32\OLEAUT32.dll
0x00007ff89f820000 - 0x00007ff89f852000 	C:\WINDOWS\SYSTEM32\dbgcore.DLL
0x00007ff8b0080000 - 0x00007ff8b00fb000 	C:\WINDOWS\System32\bcryptPrimitives.dll
0x00007ff8aa3f0000 - 0x00007ff8aa3ff000 	C:\Program Files\Java\jdk-21\bin\instrument.dll
0x00007ff895a90000 - 0x00007ff895aaf000 	C:\Program Files\Java\jdk-21\bin\java.dll

dbghelp: loaded successfully - version: 4.0.5 - missing functions: none
symbol engine: initialized successfully - sym options: 0x614 - pdb path: .;C:\Program Files\Java\jdk-21\bin;C:\WINDOWS\SYSTEM32;C:\WINDOWS\WinSxS\amd64_microsoft.windows.common-controls_6595b64144ccf1df_6.0.22621.4830_none_270fe7d773858e80;C:\Program Files\Java\jdk-21\bin\server

VM Arguments:
jvm_args: -javaagent:C:\Users\evilh\Development\tools\ideaIC-2024.3.5.win\lib\idea_rt.jar=60002 -Dfile.encoding=UTF-8 -Dsun.stdout.encoding=UTF-8 -Dsun.stderr.encoding=UTF-8 
java_command: org.example.anonimas.TesteClasseAnonima
java_class_path (initial): C:\documentos\Bootcamp-2025\Orientacao-objeto-2025\target\classes
Launcher Type: SUN_STANDARD

[Global flags]
     intx CICompilerCount                          = 4                                         {product} {ergonomic}
     uint ConcGCThreads                            = 2                                         {product} {ergonomic}
     uint G1ConcRefinementThreads                  = 8                                         {product} {ergonomic}
   size_t G1HeapRegionSize                         = 1048576                                   {product} {ergonomic}
    uintx GCDrainStackTargetSize                   = 64                                        {product} {ergonomic}
   size_t InitialHeapSize                          = 130023424                                 {product} {ergonomic}
   size_t MarkStackSize                            = 4194304                                   {product} {ergonomic}
   size_t MaxHeapSize                              = 2076180480                                {product} {ergonomic}
   size_t MinHeapDeltaBytes                        = 1048576                                   {product} {ergonomic}
   size_t MinHeapSize                              = 8388608                                   {product} {ergonomic}
    uintx NonNMethodCodeHeapSize                   = 5839372                                {pd product} {ergonomic}
    uintx NonProfiledCodeHeapSize                  = 122909434                              {pd product} {ergonomic}
    uintx ProfiledCodeHeapSize                     = 122909434                              {pd product} {ergonomic}
    uintx ReservedCodeCacheSize                    = 251658240                              {pd product} {ergonomic}
     bool SegmentedCodeCache                       = true                                      {product} {ergonomic}
   size_t SoftMaxHeapSize                          = 2076180480                             {manageable} {ergonomic}
     bool UseCompressedOops                        = true                           {product lp64_product} {ergonomic}
     bool UseG1GC                                  = true                                      {product} {ergonomic}
     bool UseLargePagesIndividualAllocation        = false                                  {pd product} {ergonomic}

Logging:
Log output configuration:
 #0: stdout all=warning uptime,level,tags foldmultilines=false
 #1: stderr all=off uptime,level,tags foldmultilines=false

Environment Variables:
JAVA_HOME=C:\Program Files\java\jdk-21
PATH=C:\Program Files\Common Files\Oracle\Java\javapath;C:\WINDOWS\system32;C:\WINDOWS;C:\WINDOWS\System32\Wbem;C:\WINDOWS\System32\WindowsPowerShell\v1.0\;C:\WINDOWS\System32\OpenSSH\;C:\desenv\PostgreSQL\15\bin;C:\Program Files\MySQL\MySQL Workbench 8.0 CE\;C:\Program Files\java\jdk-21\bin;C:\Program Files\PostgreSQL\16\bin;C:\apache-maven-3.9.8-bin\apache-maven-3.9.8\bin;C:\Program Files (x86)\Incredibuild;C:\Program Files (x86)\Windows Kits\10\Windows Performance Toolkit\;C:\desenv\.poetry\bin;C:\flutter\bin;C:\desenv\Git\cmd;C:\desenv\node\;C:\ProgramData\UNIVALI\Portugol Studio;C:\Users\evilh\AppData\Local\Microsoft\WindowsApps;C:\Users\evilh\AppData\Local\Android\Sdk\platform-tools;C:\src\flutter\bin;C:\Users\evilh\AppData\Local\GitHubDesktop\bin;C:Users\evilh\AppData\Local\Pub\Cache\bin;C:Users\evilh\AppData\Local\json_rest_server\bin;C:\desenv\Maven\apache-maven-3.9.5\bin;C:\Program Files\java\jdk-21\bin;C:\Users\evilh\AppData\Local\Android\Sdk\cmdline-tools\latest\bin;C:\Users\evilh\AppData\Roaming\npm;C:\Users\evilh\AppData\Local\Programs\Microsoft VS Code\bin
USERNAME=evilh
OS=Windows_NT
PROCESSOR_IDENTIFIER=Intel64 Family 6 Model 140 Stepping 1, GenuineIntel
TMP=C:\Users\evilh\AppData\Local\Temp
TEMP=C:\Users\evilh\AppData\Local\Temp




Periodic native trim disabled

---------------  S Y S T E M  ---------------

OS:
 Windows 11 , 64 bit Build 22621 (10.0.22621.4974)
OS uptime: 0 days 6:29 hours
Hyper-V role detected

CPU: total 8 (initial active 8) (4 cores per cpu, 2 threads per core) family 6 model 140 stepping 1 microcode 0x8a, cx8, cmov, fxsr, ht, mmx, 3dnowpref, sse, sse2, sse3, ssse3, sse4.1, sse4.2, popcnt, lzcnt, tsc, tscinvbit, avx, avx2, aes, erms, clmul, bmi1, bmi2, adx, avx512f, avx512dq, avx512cd, avx512bw, avx512vl, sha, fma, vzeroupper, avx512_vpopcntdq, avx512_vpclmulqdq, avx512_vaes, avx512_vnni, clflush, clflushopt, clwb, avx512_vbmi2, avx512_vbmi, hv, rdtscp, rdpid, fsrm, gfni, avx512_bitalg, f16c, cet_ibt, cet_ss, avx512_ifma
Processor Information for all 8 processors :
  Max Mhz: 2803, Current Mhz: 2803, Mhz Limit: 2803

Memory: 4k page, system-wide physical 7915M (1633M free)
TotalPageFile size 11280M (AvailPageFile size 56M)
current process WorkingSet (physical memory assigned to process): 12M, peak: 12M
current process commit charge ("private bytes"): 60M, peak: 184M

vm_info: Java HotSpot(TM) 64-Bit Server VM (21.0.1+12-LTS-29) for windows-amd64 JRE (21.0.1+12-LTS-29), built on 2023-10-05T13:27:09Z by "mach5one" with MS VC++ 17.1 (VS2022)

END.
